# JRE version: OpenJDK Runtime Environment Temurin-17.0.3+7 (17.0.3+7) (build 17.0.3+7)
# Java VM: OpenJDK 64-Bit Server VM Temurin-17.0.3+7 (17.0.3+7, mixed mode, tiered, compressed oops, compressed class ptrs, parallel gc, windows-amd64)
GC Precious Log:
 CPUs: 8 total, 8 available
 Memory: 8025M
 Large Page Support: Disabled
 NUMA Support: Disabled
 Compressed Oops: Enabled (32-bit)
 Alignments: Space 512K, Generation 512K, Heap 2M
 Heap Min Capacity: 100M
 Heap Initial Capacity: 100M
 Heap Max Capacity: 1G
 Pre-touch: Disabled
 Parallel Workers: 8
Heap:
 PSYoungGen      total 3584K, used 1024K [0x00000000eab00000, 0x00000000eb200000, 0x0000000100000000)
  eden space 2560K, 0% used [0x00000000eab00000,0x00000000eab00000,0x00000000ead80000)
  from space 1024K, 100% used [0x00000000ead80000,0x00000000eae80000,0x00000000eae80000)
  to   space 2048K, 0% used [0x00000000eb000000,0x00000000eb000000,0x00000000eb200000)
 ParOldGen       total 269824K, used 269667K [0x00000000c0000000, 0x00000000d0780000, 0x00000000eab00000)
  object space 269824K, 99% used [0x00000000c0000000,0x00000000d0758d60,0x00000000d0780000)
 Metaspace       used 83121K, committed 84096K, reserved 1130496K
  class space    used 8266K, committed 8704K, reserved 1048576K
GC Heap History (20 events):
Event: 1710.821 GC heap after
{Heap after GC invocations=6050 (full 123):
 PSYoungGen      total 3584K, used 1008K [0x00000000eab00000, 0x00000000eb100000, 0x0000000100000000)
  eden space 2560K, 0% used [0x00000000eab00000,0x00000000eab00000,0x00000000ead80000)
  from space 1024K, 98% used [0x00000000eb000000,0x00000000eb0fc010,0x00000000eb100000)
  to   space 1536K, 0% used [0x00000000eae00000,0x00000000eae00000,0x00000000eaf80000)
 ParOldGen       total 269312K, used 264806K [0x00000000c0000000, 0x00000000d0700000, 0x00000000eab00000)
  object space 269312K, 98% used [0x00000000c0000000,0x00000000d0299900,0x00000000d0700000)
 Metaspace       used 83121K, committed 84096K, reserved 1130496K
  class space    used 8266K, committed 8704K, reserved 1048576K
}
Event: 1710.828 GC heap before
{Heap before GC invocations=6051 (full 123):
 PSYoungGen      total 3584K, used 3568K [0x00000000eab00000, 0x00000000eb100000, 0x0000000100000000)
  eden space 2560K, 99% used [0x00000000eab00000,0x00000000ead7fff8,0x00000000ead80000)
  from space 1024K, 98% used [0x00000000eb000000,0x00000000eb0fc010,0x00000000eb100000)
  to   space 1536K, 0% used [0x00000000eae00000,0x00000000eae00000,0x00000000eaf80000)
 ParOldGen       total 269312K, used 264806K [0x00000000c0000000, 0x00000000d0700000, 0x00000000eab00000)
  object space 269312K, 98% used [0x00000000c0000000,0x00000000d0299900,0x00000000d0700000)
 Metaspace       used 83121K, committed 84096K, reserved 1130496K
  class space    used 8266K, committed 8704K, reserved 1048576K
}
Event: 1710.829 GC heap after
{Heap after GC invocations=6051 (full 123):
 PSYoungGen      total 4096K, used 720K [0x00000000eab00000, 0x00000000eb080000, 0x0000000100000000)
  eden space 2560K, 0% used [0x00000000eab00000,0x00000000eab00000,0x00000000ead80000)
  from space 1536K, 46% used [0x00000000eae00000,0x00000000eaeb4010,0x00000000eaf80000)
  to   space 1024K, 0% used [0x00000000eaf80000,0x00000000eaf80000,0x00000000eb080000)
 ParOldGen       total 269312K, used 264806K [0x00000000c0000000, 0x00000000d0700000, 0x00000000eab00000)
  object space 269312K, 98% used [0x00000000c0000000,0x00000000d0299900,0x00000000d0700000)
 Metaspace       used 83121K, committed 84096K, reserved 1130496K
  class space    used 8266K, committed 8704K, reserved 1048576K
}
Event: 1710.836 GC heap before
{Heap before GC invocations=6052 (full 123):
 PSYoungGen      total 4096K, used 3280K [0x00000000eab00000, 0x00000000eb080000, 0x0000000100000000)
  eden space 2560K, 99% used [0x00000000eab00000,0x00000000ead7fff0,0x00000000ead80000)
  from space 1536K, 46% used [0x00000000eae00000,0x00000000eaeb4010,0x00000000eaf80000)
  to   space 1024K, 0% used [0x00000000eaf80000,0x00000000eaf80000,0x00000000eb080000)
 ParOldGen       total 269312K, used 264806K [0x00000000c0000000, 0x00000000d0700000, 0x00000000eab00000)
  object space 269312K, 98% used [0x00000000c0000000,0x00000000d0299900,0x00000000d0700000)
 Metaspace       used 83121K, committed 84096K, reserved 1130496K
  class space    used 8266K, committed 8704K, reserved 1048576K
}
Event: 1710.838 GC heap after
{Heap after GC invocations=6052 (full 123):
 PSYoungGen      total 3584K, used 1021K [0x00000000eab00000, 0x00000000eb180000, 0x0000000100000000)
  eden space 2560K, 0% used [0x00000000eab00000,0x00000000eab00000,0x00000000ead80000)
  from space 1024K, 99% used [0x00000000eaf80000,0x00000000eb07f420,0x00000000eb080000)
  to   space 2048K, 0% used [0x00000000ead80000,0x00000000ead80000,0x00000000eaf80000)
 ParOldGen       total 269312K, used 265441K [0x00000000c0000000, 0x00000000d0700000, 0x00000000eab00000)
  object space 269312K, 98% used [0x00000000c0000000,0x00000000d0338560,0x00000000d0700000)
 Metaspace       used 83121K, committed 84096K, reserved 1130496K
  class space    used 8266K, committed 8704K, reserved 1048576K
}
Event: 1710.845 GC heap before
{Heap before GC invocations=6053 (full 123):
 PSYoungGen      total 3584K, used 3581K [0x00000000eab00000, 0x00000000eb180000, 0x0000000100000000)
  eden space 2560K, 100% used [0x00000000eab00000,0x00000000ead80000,0x00000000ead80000)
  from space 1024K, 99% used [0x00000000eaf80000,0x00000000eb07f420,0x00000000eb080000)
  to   space 2048K, 0% used [0x00000000ead80000,0x00000000ead80000,0x00000000eaf80000)
 ParOldGen       total 269312K, used 265441K [0x00000000c0000000, 0x00000000d0700000, 0x00000000eab00000)
  object space 269312K, 98% used [0x00000000c0000000,0x00000000d0338560,0x00000000d0700000)
 Metaspace       used 83121K, committed 84096K, reserved 1130496K
  class space    used 8266K, committed 8704K, reserved 1048576K
}
Event: 1710.846 GC heap after
{Heap after GC invocations=6053 (full 123):
 PSYoungGen      total 3584K, used 960K [0x00000000eab00000, 0x00000000eb080000, 0x0000000100000000)
  eden space 2560K, 0% used [0x00000000eab00000,0x00000000eab00000,0x00000000ead80000)
  from space 1024K, 93% used [0x00000000ead80000,0x00000000eae70000,0x00000000eae80000)
  to   space 1536K, 0% used [0x00000000eaf00000,0x00000000eaf00000,0x00000000eb080000)
 ParOldGen       total 269312K, used 266433K [0x00000000c0000000, 0x00000000d0700000, 0x00000000eab00000)
  object space 269312K, 98% used [0x00000000c0000000,0x00000000d04305e0,0x00000000d0700000)
 Metaspace       used 83121K, committed 84096K, reserved 1130496K
  class space    used 8266K, committed 8704K, reserved 1048576K
}
Event: 1710.851 GC heap before
{Heap before GC invocations=6054 (full 123):
 PSYoungGen      total 3584K, used 3520K [0x00000000eab00000, 0x00000000eb080000, 0x0000000100000000)
  eden space 2560K, 100% used [0x00000000eab00000,0x00000000ead80000,0x00000000ead80000)
  from space 1024K, 93% used [0x00000000ead80000,0x00000000eae70000,0x00000000eae80000)
  to   space 1536K, 0% used [0x00000000eaf00000,0x00000000eaf00000,0x00000000eb080000)
 ParOldGen       total 269312K, used 266433K [0x00000000c0000000, 0x00000000d0700000, 0x00000000eab00000)
  object space 269312K, 98% used [0x00000000c0000000,0x00000000d04305e0,0x00000000d0700000)
 Metaspace       used 83121K, committed 84096K, reserved 1130496K
  class space    used 8266K, committed 8704K, reserved 1048576K
}
Event: 1710.853 GC heap after
{Heap after GC invocations=6054 (full 123):
 PSYoungGen      total 4096K, used 1072K [0x00000000eab00000, 0x00000000eb100000, 0x0000000100000000)
  eden space 2560K, 0% used [0x00000000eab00000,0x00000000eab00000,0x00000000ead80000)
  from space 1536K, 69% used [0x00000000eaf00000,0x00000000eb00c010,0x00000000eb080000)
  to   space 1536K, 0% used [0x00000000ead80000,0x00000000ead80000,0x00000000eaf00000)
 ParOldGen       total 269312K, used 267287K [0x00000000c0000000, 0x00000000d0700000, 0x00000000eab00000)
  object space 269312K, 99% used [0x00000000c0000000,0x00000000d0505d60,0x00000000d0700000)
 Metaspace       used 83121K, committed 84096K, reserved 1130496K
  class space    used 8266K, committed 8704K, reserved 1048576K
}
Event: 1710.861 GC heap before
{Heap before GC invocations=6055 (full 123):
 PSYoungGen      total 4096K, used 3632K [0x00000000eab00000, 0x00000000eb100000, 0x0000000100000000)
  eden space 2560K, 100% used [0x00000000eab00000,0x00000000ead80000,0x00000000ead80000)
  from space 1536K, 69% used [0x00000000eaf00000,0x00000000eb00c010,0x00000000eb080000)
  to   space 1536K, 0% used [0x00000000ead80000,0x00000000ead80000,0x00000000eaf00000)
 ParOldGen       total 269312K, used 267287K [0x00000000c0000000, 0x00000000d0700000, 0x00000000eab00000)
  object space 269312K, 99% used [0x00000000c0000000,0x00000000d0505d60,0x00000000d0700000)
 Metaspace       used 83121K, committed 84096K, reserved 1130496K
  class space    used 8266K, committed 8704K, reserved 1048576K
}
Event: 1710.862 GC heap after
{Heap after GC invocations=6055 (full 123):
 PSYoungGen      total 4096K, used 944K [0x00000000eab00000, 0x00000000eb000000, 0x0000000100000000)
  eden space 2560K, 0% used [0x00000000eab00000,0x00000000eab00000,0x00000000ead80000)
  from space 1536K, 61% used [0x00000000ead80000,0x00000000eae6c010,0x00000000eaf00000)
  to   space 1024K, 0% used [0x00000000eaf00000,0x00000000eaf00000,0x00000000eb000000)
 ParOldGen       total 269312K, used 267335K [0x00000000c0000000, 0x00000000d0700000, 0x00000000eab00000)
  object space 269312K, 99% used [0x00000000c0000000,0x00000000d0511d60,0x00000000d0700000)
 Metaspace       used 83121K, committed 84096K, reserved 1130496K
  class space    used 8266K, committed 8704K, reserved 1048576K
}
Event: 1710.868 GC heap before
{Heap before GC invocations=6056 (full 123):
 PSYoungGen      total 4096K, used 3504K [0x00000000eab00000, 0x00000000eb000000, 0x0000000100000000)
  eden space 2560K, 100% used [0x00000000eab00000,0x00000000ead80000,0x00000000ead80000)
  from space 1536K, 61% used [0x00000000ead80000,0x00000000eae6c010,0x00000000eaf00000)
  to   space 1024K, 0% used [0x00000000eaf00000,0x00000000eaf00000,0x00000000eb000000)
 ParOldGen       total 269312K, used 267335K [0x00000000c0000000, 0x00000000d0700000, 0x00000000eab00000)
  object space 269312K, 99% used [0x00000000c0000000,0x00000000d0511d60,0x00000000d0700000)
 Metaspace       used 83121K, committed 84096K, reserved 1130496K
  class space    used 8266K, committed 8704K, reserved 1048576K
}
Event: 1710.870 GC heap after
{Heap after GC invocations=6056 (full 123):
 PSYoungGen      total 3072K, used 1008K [0x00000000eab00000, 0x00000000eb200000, 0x0000000100000000)
  eden space 2048K, 0% used [0x00000000eab00000,0x00000000eab00000,0x00000000ead00000)
  from space 1024K, 98% used [0x00000000eaf00000,0x00000000eaffc010,0x00000000eb000000)
  to   space 2048K, 0% used [0x00000000ead00000,0x00000000ead00000,0x00000000eaf00000)
 ParOldGen       total 269312K, used 268210K [0x00000000c0000000, 0x00000000d0700000, 0x00000000eab00000)
  object space 269312K, 99% used [0x00000000c0000000,0x00000000d05ec9a0,0x00000000d0700000)
 Metaspace       used 83121K, committed 84096K, reserved 1130496K
  class space    used 8266K, committed 8704K, reserved 1048576K
}
Event: 1710.875 GC heap before
{Heap before GC invocations=6057 (full 123):
 PSYoungGen      total 3072K, used 3056K [0x00000000eab00000, 0x00000000eb200000, 0x0000000100000000)
  eden space 2048K, 100% used [0x00000000eab00000,0x00000000ead00000,0x00000000ead00000)
  from space 1024K, 98% used [0x00000000eaf00000,0x00000000eaffc010,0x00000000eb000000)
  to   space 2048K, 0% used [0x00000000ead00000,0x00000000ead00000,0x00000000eaf00000)
 ParOldGen       total 269312K, used 268210K [0x00000000c0000000, 0x00000000d0700000, 0x00000000eab00000)
  object space 269312K, 99% used [0x00000000c0000000,0x00000000d05ec9a0,0x00000000d0700000)
 Metaspace       used 83121K, committed 84096K, reserved 1130496K
  class space    used 8266K, committed 8704K, reserved 1048576K
}
Event: 1710.876 GC heap after
{Heap after GC invocations=6057 (full 123):
 PSYoungGen      total 2560K, used 384K [0x00000000eab00000, 0x00000000eaf80000, 0x0000000100000000)
  eden space 2048K, 0% used [0x00000000eab00000,0x00000000eab00000,0x00000000ead00000)
  from space 512K, 75% used [0x00000000ead00000,0x00000000ead60000,0x00000000ead80000)
  to   space 1024K, 0% used [0x00000000eae80000,0x00000000eae80000,0x00000000eaf80000)
 ParOldGen       total 269312K, used 268656K [0x00000000c0000000, 0x00000000d0700000, 0x00000000eab00000)
  object space 269312K, 99% used [0x00000000c0000000,0x00000000d065c120,0x00000000d0700000)
 Metaspace       used 83121K, committed 84096K, reserved 1130496K
  class space    used 8266K, committed 8704K, reserved 1048576K
}
Event: 1710.880 GC heap before
{Heap before GC invocations=6058 (full 123):
 PSYoungGen      total 2560K, used 2432K [0x00000000eab00000, 0x00000000eaf80000, 0x0000000100000000)
  eden space 2048K, 100% used [0x00000000eab00000,0x00000000ead00000,0x00000000ead00000)
  from space 512K, 75% used [0x00000000ead00000,0x00000000ead60000,0x00000000ead80000)
  to   space 1024K, 0% used [0x00000000eae80000,0x00000000eae80000,0x00000000eaf80000)
 ParOldGen       total 269312K, used 268656K [0x00000000c0000000, 0x00000000d0700000, 0x00000000eab00000)
  object space 269312K, 99% used [0x00000000c0000000,0x00000000d065c120,0x00000000d0700000)
 Metaspace       used 83121K, committed 84096K, reserved 1130496K
  class space    used 8266K, committed 8704K, reserved 1048576K
}
Event: 1710.881 GC heap after
{Heap after GC invocations=6058 (full 123):
 PSYoungGen      total 3584K, used 864K [0x00000000eab00000, 0x00000000eaf80000, 0x0000000100000000)
  eden space 2560K, 0% used [0x00000000eab00000,0x00000000eab00000,0x00000000ead80000)
  from space 1024K, 84% used [0x00000000eae80000,0x00000000eaf58000,0x00000000eaf80000)
  to   space 1024K, 0% used [0x00000000ead80000,0x00000000ead80000,0x00000000eae80000)
 ParOldGen       total 269312K, used 268931K [0x00000000c0000000, 0x00000000d0700000, 0x00000000eab00000)
  object space 269312K, 99% used [0x00000000c0000000,0x00000000d06a0d60,0x00000000d0700000)
 Metaspace       used 83121K, committed 84096K, reserved 1130496K
  class space    used 8266K, committed 8704K, reserved 1048576K
}
Event: 1710.887 GC heap before
{Heap before GC invocations=6059 (full 123):
 PSYoungGen      total 3584K, used 3424K [0x00000000eab00000, 0x00000000eaf80000, 0x0000000100000000)
  eden space 2560K, 100% used [0x00000000eab00000,0x00000000ead80000,0x00000000ead80000)
  from space 1024K, 84% used [0x00000000eae80000,0x00000000eaf58000,0x00000000eaf80000)
  to   space 1024K, 0% used [0x00000000ead80000,0x00000000ead80000,0x00000000eae80000)
 ParOldGen       total 269312K, used 268931K [0x00000000c0000000, 0x00000000d0700000, 0x00000000eab00000)
  object space 269312K, 99% used [0x00000000c0000000,0x00000000d06a0d60,0x00000000d0700000)
 Metaspace       used 83121K, committed 84096K, reserved 1130496K
  class space    used 8266K, committed 8704K, reserved 1048576K
}
Event: 1710.889 GC heap after
{Heap after GC invocations=6059 (full 123):
 PSYoungGen      total 3584K, used 1024K [0x00000000eab00000, 0x00000000eb200000, 0x0000000100000000)
  eden space 2560K, 0% used [0x00000000eab00000,0x00000000eab00000,0x00000000ead80000)
  from space 1024K, 100% used [0x00000000ead80000,0x00000000eae80000,0x00000000eae80000)
  to   space 2048K, 0% used [0x00000000eb000000,0x00000000eb000000,0x00000000eb200000)
 ParOldGen       total 269824K, used 269667K [0x00000000c0000000, 0x00000000d0780000, 0x00000000eab00000)
  object space 269824K, 99% used [0x00000000c0000000,0x00000000d0758d60,0x00000000d0780000)
 Metaspace       used 83121K, committed 84096K, reserved 1130496K
  class space    used 8266K, committed 8704K, reserved 1048576K
}
Event: 1710.889 GC heap before
{Heap before GC invocations=6060 (full 124):
 PSYoungGen      total 3584K, used 1024K [0x00000000eab00000, 0x00000000eb200000, 0x0000000100000000)
  eden space 2560K, 0% used [0x00000000eab00000,0x00000000eab00000,0x00000000ead80000)
  from space 1024K, 100% used [0x00000000ead80000,0x00000000eae80000,0x00000000eae80000)
  to   space 2048K, 0% used [0x00000000eb000000,0x00000000eb000000,0x00000000eb200000)
 ParOldGen       total 269824K, used 269667K [0x00000000c0000000, 0x00000000d0780000, 0x00000000eab00000)
  object space 269824K, 99% used [0x00000000c0000000,0x00000000d0758d60,0x00000000d0780000)
 Metaspace       used 83121K, committed 84096K, reserved 1130496K
  class space    used 8266K, committed 8704K, reserved 1048576K
}

